<?xml version="1.0" encoding="UTF-8"?>
<!-- Generated by org.testng.reporters.JUnitXMLReporter -->
<testsuite ignored="0" hostname="Kiran" failures="0" tests="5" name="CreateContactTest-firefox" time="206.437" errors="0" timestamp="2021-08-25T10:45:13 IST">
  <testcase classname="contact.Tc_CreateContactTest" name="CreatingContactwithAssignedToAdministratorTest" time="30.369"/>
  <testcase classname="contact.Tc_CreateContactTest" name="CreatingContactwithAssignedToMarketingGroupTest" time="31.027"/>
  <testcase classname="contact.Tc_CreateContactTest" name="CreatingContactwithAssignedToSupportGroupTest" time="28.098"/>
  <testcase classname="contact.Tc_CreateContactTest" name="CreatingContactwithAssignedToTeamSellingGroupTest" time="27.865"/>
  <testcase classname="contact.Tc_CreateContactTest" name="CreatingContactwithLeadSource" time="31.706"/>
</testsuite> <!-- CreateContactTest-firefox -->
