<?xml version="1.0" encoding="UTF-8"?>
<!-- Generated by org.testng.reporters.JUnitXMLReporter -->
<testsuite ignored="0" hostname="Kiran" failures="0" tests="5" name="CreateContactTest-runner1" time="195.95" errors="0" timestamp="2021-08-24T17:20:36 IST">
  <testcase classname="contact.Tc_CreateContactTest" name="CreatingContactwithAssignedToAdministratorTest" time="32.07"/>
  <testcase classname="contact.Tc_CreateContactTest" name="CreatingContactwithAssignedToMarketingGroupTest" time="28.305"/>
  <testcase classname="contact.Tc_CreateContactTest" name="CreatingContactwithAssignedToSupportGroupTest" time="28.843"/>
  <testcase classname="contact.Tc_CreateContactTest" name="CreatingContactwithAssignedToTeamSellingGroupTest" time="27.12"/>
  <testcase classname="contact.Tc_CreateContactTest" name="CreatingContactwithLeadSource" time="26.852"/>
</testsuite> <!-- CreateContactTest-runner1 -->
