<?xml version="1.0" encoding="UTF-8"?>
<!-- Generated by org.testng.reporters.JUnitXMLReporter -->
<testsuite ignored="0" hostname="Kiran" failures="0" tests="5" name="CreateContactTest-runner2" time="224.998" errors="0" timestamp="2021-08-24T17:21:05 IST">
  <testcase classname="contact.Tc_CreateContactTest" name="CreatingContactwithAssignedToAdministratorTest" time="29.429"/>
  <testcase classname="contact.Tc_CreateContactTest" name="CreatingContactwithAssignedToMarketingGroupTest" time="29.069"/>
  <testcase classname="contact.Tc_CreateContactTest" name="CreatingContactwithAssignedToSupportGroupTest" time="28.368"/>
  <testcase classname="contact.Tc_CreateContactTest" name="CreatingContactwithAssignedToTeamSellingGroupTest" time="28.016"/>
  <testcase classname="contact.Tc_CreateContactTest" name="CreatingContactwithLeadSource" time="23.978"/>
</testsuite> <!-- CreateContactTest-runner2 -->
