<?xml version="1.0" encoding="UTF-8"?>
<!-- Generated by org.testng.reporters.JUnitXMLReporter -->
<testsuite ignored="0" hostname="Kiran" failures="0" tests="5" name="CreateContactTest-chrome" time="211.455" errors="0" timestamp="2021-08-25T10:45:18 IST">
  <testcase classname="contact.Tc_CreateContactTest" name="CreatingContactwithAssignedToAdministratorTest" time="29.908"/>
  <testcase classname="contact.Tc_CreateContactTest" name="CreatingContactwithAssignedToMarketingGroupTest" time="29.029"/>
  <testcase classname="contact.Tc_CreateContactTest" name="CreatingContactwithAssignedToSupportGroupTest" time="28.267"/>
  <testcase classname="contact.Tc_CreateContactTest" name="CreatingContactwithAssignedToTeamSellingGroupTest" time="28.862"/>
  <testcase classname="contact.Tc_CreateContactTest" name="CreatingContactwithLeadSource" time="30.531"/>
</testsuite> <!-- CreateContactTest-chrome -->
