<?xml version="1.0" encoding="UTF-8"?>
<!-- Generated by org.testng.reporters.JUnitXMLReporter -->
<testsuite ignored="0" hostname="Kiran" failures="0" tests="5" name="CreateContactTest" time="144.086" errors="0" timestamp="2021-08-25T23:15:10 IST">
  <testcase classname="contact.CreateContactTest" name="CreatingContactwithAssignedToAdministratorTest" time="19.606"/>
  <testcase classname="contact.CreateContactTest" name="CreatingContactwithAssignedToMarketingGroupTest" time="18.904"/>
  <testcase classname="contact.CreateContactTest" name="CreatingContactwithAssignedToSupportGroupTest" time="18.609"/>
  <testcase classname="contact.CreateContactTest" name="CreatingContactwithAssignedToTeamSellingGroupTest" time="19.779"/>
  <testcase classname="contact.CreateContactTest" name="CreatingContactwithLeadSource" time="20.803"/>
</testsuite> <!-- CreateContactTest -->
