<?xml version="1.0" encoding="UTF-8"?>
<!-- Generated by org.testng.reporters.JUnitXMLReporter -->
<testsuite ignored="2" hostname="Kiran" failures="0" tests="2" name="Test" time="16.627" errors="0" timestamp="2021-08-25T14:32:45 IST">
  <testcase classname="contact.ExtendBase" name="@BeforeClass beforeClassConfiguration" time="0.001">
    <failure type="java.lang.NullPointerException" message="Cannot invoke &amp;quot;com.aventstack.extentreports.ExtentReporter.start()&amp;quot; because &amp;quot;reporter&amp;quot; is null">
      <![CDATA[java.lang.NullPointerException: Cannot invoke "com.aventstack.extentreports.ExtentReporter.start()" because "reporter" is null
at com.aventstack.extentreports.ExtentObservable.register(ExtentObservable.java:179)
at java.base/java.util.Spliterators$ArraySpliterator.forEachRemaining(Spliterators.java:948)
at java.base/java.util.stream.ReferencePipeline$Head.forEach(ReferencePipeline.java:658)
at com.aventstack.extentreports.ExtentReports.attachReporter(ExtentReports.java:69)
at contact.ExtendBase.beforeClassConfiguration(ExtendBase.java:48)
at java.base/java.util.ArrayList.forEach(ArrayList.java:1511)
... Removed 25 stack frames]]>
    </failure>
  </testcase> <!-- @BeforeClass beforeClassConfiguration -->
  <testcase classname="contact.ExtendBase" name="@BeforeMethod beforeMethodConfiguration" time="-1.629882165546E9">
    <skipped/>
  </testcase> <!-- @BeforeMethod beforeMethodConfiguration -->
  <testcase classname="contact.ExtendBase" name="@AfterMethod afterMethodConfiguration" time="-1.629882165574E9">
    <skipped/>
  </testcase> <!-- @AfterMethod afterMethodConfiguration -->
  <testcase classname="contact.ExtendBase" name="@AfterClass afterClassConfiguration" time="-1.62988216558E9">
    <skipped/>
  </testcase> <!-- @AfterClass afterClassConfiguration -->
  <testcase classname="contact.HomePageReports" name="gettingHomePageTitle" time="0.097"/>
  <testcase classname="contact.OrganizationPageReports" name="gettingOrganizationPageTitle" time="0.0">
    <skipped/>
  </testcase> <!-- gettingOrganizationPageTitle -->
  <testcase classname="contact.ExtendBase" name="@BeforeSuite beforeSuitConfiguration" time="0.0">
    <ignored/>
  </testcase> <!-- @BeforeSuite beforeSuitConfiguration -->
  <testcase classname="contact.ExtendBase" name="@AfterSuite afterSuitConfiguration" time="0.0">
    <ignored/>
  </testcase> <!-- @AfterSuite afterSuitConfiguration -->
</testsuite> <!-- Test -->
